2025-07-27 23:06:02 [INFO] - Logger inicializado
2025-07-27 23:06:03 [WARNING] - La aplicación no se está ejecutando con privilegios de administrador. Algunas funciones de captura de paquetes pueden no funcionar correctamente.
2025-07-27 23:09:46 [INFO] - Logger inicializado
2025-07-27 23:09:46 [WARNING] - La aplicación no se está ejecutando con privilegios de administrador. Algunas funciones de captura de paquetes pueden no funcionar correctamente.
2025-07-27 23:09:48 [INFO] - Tema del sistema aplicado
2025-07-27 23:09:48 [INFO] - Tema del sistema aplicado
2025-07-27 23:10:14 [INFO] - Captura iniciada en interfaz: Wi-Fi
2025-07-27 23:14:56 [INFO] - Captura detenida
2025-07-27 23:15:18 [INFO] - Captura iniciada en interfaz: Wi-Fi
2025-07-27 23:16:12 [INFO] - Tema oscuro aplicado
2025-07-27 23:16:20 [INFO] - Tema claro aplicado
2025-07-27 23:17:54 [INFO] - Captura detenida
2025-07-27 23:18:15 [INFO] - Captura iniciada en interfaz: Wi-Fi
2025-07-27 23:19:31 [INFO] - Captura detenida
2025-07-27 23:25:36 [INFO] - Logger inicializado
2025-07-27 23:25:37 [INFO] - Tema claro aplicado
2025-07-27 23:25:37 [INFO] - Tema claro aplicado
2025-07-27 23:25:52 [INFO] - Captura iniciada en interfaz: Wi-Fi
2025-07-27 23:28:13 [INFO] - Captura detenida
2025-07-27 23:46:32 [INFO] - Logger inicializado
2025-07-27 23:46:34 [INFO] - Tema claro aplicado
2025-07-27 23:46:34 [INFO] - Tema claro aplicado
2025-07-27 23:46:41 [INFO] - Interfaz detectada: Conexión de área local* 9 - WAN Miniport (Network Monitor)
2025-07-27 23:46:41 [INFO] - Interfaz detectada: Conexión de área local* 8 - WAN Miniport (IPv6)
2025-07-27 23:46:41 [INFO] - Interfaz detectada: Conexión de área local* 7 - WAN Miniport (IP)
2025-07-27 23:46:41 [INFO] - Interfaz detectada: Conexión de red Bluetooth - Bluetooth Device (Personal Area Network)
2025-07-27 23:46:41 [INFO] - Interfaz detectada: Wi-Fi - Realtek RTL8723DE 802.11b/g/n PCIe Adapter
2025-07-27 23:46:41 [INFO] - Interfaz detectada: VMware Network Adapter VMnet8 - VMware Virtual Ethernet Adapter for VMnet8
2025-07-27 23:46:41 [INFO] - Interfaz detectada: VMware Network Adapter VMnet1 - VMware Virtual Ethernet Adapter for VMnet1
2025-07-27 23:46:41 [INFO] - Interfaz detectada: Conexión de área local* 1 - Microsoft Wi-Fi Direct Virtual Adapter
2025-07-27 23:46:41 [INFO] - Interfaz detectada: Ethernet 7 - VirtualBox Host-Only Ethernet Adapter #4
2025-07-27 23:46:41 [INFO] - Interfaz detectada: Ethernet 6 - VirtualBox Host-Only Ethernet Adapter #3
2025-07-27 23:46:41 [INFO] - Interfaz detectada: Ethernet 3 - VirtualBox Host-Only Ethernet Adapter #2
2025-07-27 23:46:41 [INFO] - Interfaz detectada: Ethernet 2 - VirtualBox Host-Only Ethernet Adapter
2025-07-27 23:46:41 [INFO] - Interfaz detectada: Loopback Pseudo-Interface 1 - Software Loopback Interface 1
2025-07-27 23:46:41 [INFO] - Interfaz detectada: Ethernet - Realtek PCIe GbE Family Controller
2025-07-27 23:46:41 [INFO] - Total de interfaces detectadas: 14
2025-07-27 23:46:49 [INFO] - Creando capturer para interfaz: Wi-Fi
2025-07-27 23:46:49 [INFO] - Filtro actual: ''
2025-07-27 23:46:49 [INFO] - Iniciando captura en interfaz: Wi-Fi
2025-07-27 23:46:49 [INFO] - Captura iniciada en interfaz: Wi-Fi
2025-07-27 23:46:49 [INFO] - Filtro aplicado: 
2025-07-27 23:46:49 [INFO] - Usando interfaz: Wi-Fi
2025-07-27 23:46:49 [INFO] - Captura iniciada correctamente
2025-07-27 23:46:51 [ERROR] - Error durante la captura: Generic error
2025-07-27 23:46:54 [ERROR] - Error durante la captura: Generic error
2025-07-27 23:46:56 [ERROR] - Error durante la captura: Generic error
2025-07-27 23:46:59 [ERROR] - Error durante la captura: Generic error
2025-07-27 23:47:01 [ERROR] - Error durante la captura: Generic error
2025-07-27 23:47:04 [ERROR] - Error durante la captura: Generic error
2025-07-27 23:47:06 [ERROR] - Error durante la captura: Generic error
2025-07-27 23:47:08 [ERROR] - Error durante la captura: Generic error
2025-07-27 23:47:11 [ERROR] - Error durante la captura: Generic error
2025-07-27 23:47:13 [ERROR] - Error durante la captura: Generic error
2025-07-27 23:47:14 [INFO] - Captura detenida
2025-07-27 23:47:17 [INFO] - Interfaz detectada: Conexión de área local* 9 - WAN Miniport (Network Monitor)
2025-07-27 23:47:17 [INFO] - Interfaz detectada: Conexión de área local* 8 - WAN Miniport (IPv6)
2025-07-27 23:47:17 [INFO] - Interfaz detectada: Conexión de área local* 7 - WAN Miniport (IP)
2025-07-27 23:47:17 [INFO] - Interfaz detectada: Conexión de red Bluetooth - Bluetooth Device (Personal Area Network)
2025-07-27 23:47:17 [INFO] - Interfaz detectada: Wi-Fi - Realtek RTL8723DE 802.11b/g/n PCIe Adapter
2025-07-27 23:47:17 [INFO] - Interfaz detectada: VMware Network Adapter VMnet8 - VMware Virtual Ethernet Adapter for VMnet8
2025-07-27 23:47:17 [INFO] - Interfaz detectada: VMware Network Adapter VMnet1 - VMware Virtual Ethernet Adapter for VMnet1
2025-07-27 23:47:17 [INFO] - Interfaz detectada: Conexión de área local* 1 - Microsoft Wi-Fi Direct Virtual Adapter
2025-07-27 23:47:17 [INFO] - Interfaz detectada: Ethernet 7 - VirtualBox Host-Only Ethernet Adapter #4
2025-07-27 23:47:17 [INFO] - Interfaz detectada: Ethernet 6 - VirtualBox Host-Only Ethernet Adapter #3
2025-07-27 23:47:17 [INFO] - Interfaz detectada: Ethernet 3 - VirtualBox Host-Only Ethernet Adapter #2
2025-07-27 23:47:17 [INFO] - Interfaz detectada: Ethernet 2 - VirtualBox Host-Only Ethernet Adapter
2025-07-27 23:47:17 [INFO] - Interfaz detectada: Loopback Pseudo-Interface 1 - Software Loopback Interface 1
2025-07-27 23:47:17 [INFO] - Interfaz detectada: Ethernet - Realtek PCIe GbE Family Controller
2025-07-27 23:47:17 [INFO] - Total de interfaces detectadas: 14
2025-07-27 23:47:25 [INFO] - Creando capturer para interfaz: Wi-Fi
2025-07-27 23:47:25 [INFO] - Filtro actual: ''
2025-07-27 23:47:25 [INFO] - Iniciando captura en interfaz: Wi-Fi
2025-07-27 23:47:25 [INFO] - Captura iniciada en interfaz: Wi-Fi
2025-07-27 23:47:25 [INFO] - Filtro aplicado: 
2025-07-27 23:47:25 [INFO] - Usando interfaz: Wi-Fi
2025-07-27 23:47:25 [INFO] - Captura iniciada correctamente
2025-07-27 23:47:27 [ERROR] - Error durante la captura: Generic error
2025-07-27 23:47:29 [ERROR] - Error durante la captura: Generic error
2025-07-27 23:47:31 [ERROR] - Error durante la captura: Generic error
2025-07-27 23:47:34 [ERROR] - Error durante la captura: Generic error
2025-07-27 23:47:36 [ERROR] - Error durante la captura: Generic error
2025-07-27 23:47:39 [ERROR] - Error durante la captura: Generic error
2025-07-27 23:47:41 [ERROR] - Error durante la captura: Generic error
2025-07-27 23:47:43 [ERROR] - Error durante la captura: Generic error
2025-07-27 23:47:46 [ERROR] - Error durante la captura: Generic error
2025-07-27 23:47:48 [ERROR] - Error durante la captura: Generic error
2025-07-27 23:47:51 [ERROR] - Error durante la captura: Generic error
2025-07-27 23:47:53 [ERROR] - Error durante la captura: Generic error
2025-07-27 23:47:56 [ERROR] - Error durante la captura: Generic error
2025-07-27 23:47:58 [ERROR] - Error durante la captura: Generic error
2025-07-27 23:48:00 [ERROR] - Error durante la captura: Generic error
2025-07-27 23:48:03 [ERROR] - Error durante la captura: Generic error
2025-07-27 23:48:05 [ERROR] - Error durante la captura: Generic error
2025-07-27 23:48:08 [ERROR] - Error durante la captura: Generic error
2025-07-27 23:48:10 [ERROR] - Error durante la captura: Generic error
2025-07-27 23:48:12 [ERROR] - Error durante la captura: Generic error
2025-07-27 23:48:15 [ERROR] - Error durante la captura: Generic error
2025-07-27 23:48:17 [ERROR] - Error durante la captura: Generic error
2025-07-27 23:48:20 [ERROR] - Error durante la captura: Generic error
2025-07-27 23:48:22 [ERROR] - Error durante la captura: Generic error
2025-07-27 23:48:24 [ERROR] - Error durante la captura: Generic error
2025-07-27 23:48:27 [ERROR] - Error durante la captura: Generic error
2025-07-27 23:48:29 [ERROR] - Error durante la captura: Generic error
2025-07-27 23:48:32 [ERROR] - Error durante la captura: Generic error
2025-07-27 23:48:34 [ERROR] - Error durante la captura: Generic error
2025-07-27 23:48:37 [ERROR] - Error durante la captura: Generic error
2025-07-27 23:48:39 [ERROR] - Error durante la captura: Generic error
2025-07-27 23:48:42 [ERROR] - Error durante la captura: Generic error
2025-07-27 23:48:44 [ERROR] - Error durante la captura: Generic error
2025-07-27 23:48:47 [ERROR] - Error durante la captura: Generic error
2025-07-27 23:48:49 [ERROR] - Error durante la captura: Generic error
2025-07-27 23:48:52 [ERROR] - Error durante la captura: Generic error
2025-07-27 23:48:54 [ERROR] - Error durante la captura: Generic error
2025-07-27 23:48:57 [ERROR] - Error durante la captura: Generic error
2025-07-27 23:48:59 [ERROR] - Error durante la captura: Generic error
2025-07-27 23:49:01 [ERROR] - Error durante la captura: Generic error
2025-07-27 23:49:04 [ERROR] - Error durante la captura: Generic error
2025-07-27 23:49:06 [ERROR] - Error durante la captura: Generic error
2025-07-27 23:49:09 [ERROR] - Error durante la captura: Generic error
2025-07-27 23:49:11 [ERROR] - Error durante la captura: Generic error
2025-07-27 23:49:14 [ERROR] - Error durante la captura: Generic error
2025-07-27 23:49:16 [ERROR] - Error durante la captura: Generic error
2025-07-27 23:49:18 [ERROR] - Error durante la captura: Generic error
2025-07-27 23:49:21 [ERROR] - Error durante la captura: Generic error
2025-07-27 23:49:23 [ERROR] - Error durante la captura: Generic error
2025-07-27 23:49:26 [ERROR] - Error durante la captura: Generic error
2025-07-27 23:49:28 [ERROR] - Error durante la captura: Generic error
2025-07-27 23:49:31 [ERROR] - Error durante la captura: Generic error
2025-07-27 23:49:33 [ERROR] - Error durante la captura: Generic error
2025-07-27 23:49:35 [ERROR] - Error durante la captura: Generic error
2025-07-27 23:49:38 [ERROR] - Error durante la captura: Generic error
2025-07-27 23:49:40 [ERROR] - Error durante la captura: Generic error
2025-07-27 23:49:43 [ERROR] - Error durante la captura: Generic error
2025-07-27 23:49:45 [ERROR] - Error durante la captura: Generic error
2025-07-27 23:49:47 [ERROR] - Error durante la captura: Generic error
2025-07-27 23:49:50 [ERROR] - Error durante la captura: Generic error
2025-07-27 23:49:52 [ERROR] - Error durante la captura: Generic error
2025-07-27 23:49:55 [ERROR] - Error durante la captura: Generic error
2025-07-27 23:49:57 [ERROR] - Error durante la captura: Generic error
2025-07-27 23:50:00 [ERROR] - Error durante la captura: Generic error
2025-07-27 23:50:02 [ERROR] - Error durante la captura: Generic error
2025-07-27 23:50:04 [ERROR] - Error durante la captura: Generic error
2025-07-27 23:50:07 [ERROR] - Error durante la captura: Generic error
2025-07-27 23:50:09 [ERROR] - Error durante la captura: Generic error
2025-07-27 23:50:12 [ERROR] - Error durante la captura: Generic error
2025-07-27 23:50:14 [ERROR] - Error durante la captura: Generic error
2025-07-27 23:50:17 [ERROR] - Error durante la captura: Generic error
2025-07-27 23:50:19 [ERROR] - Error durante la captura: Generic error
2025-07-27 23:50:21 [ERROR] - Error durante la captura: Generic error
2025-07-27 23:50:24 [ERROR] - Error durante la captura: Generic error
2025-07-27 23:50:26 [ERROR] - Error durante la captura: Generic error
2025-07-27 23:50:29 [ERROR] - Error durante la captura: Generic error
2025-07-27 23:50:31 [ERROR] - Error durante la captura: Generic error
2025-07-27 23:50:34 [ERROR] - Error durante la captura: Generic error
2025-07-27 23:50:36 [ERROR] - Error durante la captura: Generic error
2025-07-27 23:50:39 [ERROR] - Error durante la captura: Generic error
2025-07-27 23:50:41 [ERROR] - Error durante la captura: Generic error
2025-07-27 23:50:44 [ERROR] - Error durante la captura: Generic error
2025-07-27 23:50:46 [ERROR] - Error durante la captura: Generic error
2025-07-27 23:50:49 [ERROR] - Error durante la captura: Generic error
2025-07-27 23:50:51 [ERROR] - Error durante la captura: Generic error
2025-07-27 23:50:53 [ERROR] - Error durante la captura: Generic error
2025-07-27 23:50:56 [ERROR] - Error durante la captura: Generic error
2025-07-27 23:50:58 [ERROR] - Error durante la captura: Generic error
2025-07-27 23:51:01 [ERROR] - Error durante la captura: Generic error
2025-07-27 23:51:03 [ERROR] - Error durante la captura: Generic error
2025-07-27 23:51:06 [ERROR] - Error durante la captura: Generic error
2025-07-27 23:51:08 [ERROR] - Error durante la captura: Generic error
2025-07-27 23:51:11 [ERROR] - Error durante la captura: Generic error
2025-07-27 23:51:13 [ERROR] - Error durante la captura: Generic error
2025-07-27 23:51:15 [ERROR] - Error durante la captura: Generic error
2025-07-27 23:51:18 [ERROR] - Error durante la captura: Generic error
2025-07-27 23:51:20 [ERROR] - Error durante la captura: Generic error
2025-07-27 23:51:23 [ERROR] - Error durante la captura: Generic error
2025-07-27 23:51:25 [ERROR] - Error durante la captura: Generic error
2025-07-27 23:51:28 [ERROR] - Error durante la captura: Generic error
2025-07-27 23:51:30 [ERROR] - Error durante la captura: Generic error
2025-07-27 23:51:33 [ERROR] - Error durante la captura: Generic error
2025-07-27 23:51:35 [ERROR] - Error durante la captura: Generic error
2025-07-27 23:51:38 [ERROR] - Error durante la captura: Generic error
2025-07-27 23:51:40 [ERROR] - Error durante la captura: Generic error
2025-07-27 23:51:42 [ERROR] - Error durante la captura: Generic error
2025-07-27 23:51:45 [ERROR] - Error durante la captura: Generic error
2025-07-27 23:51:47 [ERROR] - Error durante la captura: Generic error
2025-07-27 23:51:50 [ERROR] - Error durante la captura: Generic error
2025-07-27 23:51:52 [ERROR] - Error durante la captura: Generic error
2025-07-27 23:51:55 [ERROR] - Error durante la captura: Generic error
2025-07-27 23:51:57 [ERROR] - Error durante la captura: Generic error
2025-07-27 23:52:00 [ERROR] - Error durante la captura: Generic error
2025-07-27 23:52:02 [ERROR] - Error durante la captura: Generic error
2025-07-27 23:52:04 [ERROR] - Error durante la captura: Generic error
2025-07-27 23:52:07 [ERROR] - Error durante la captura: Generic error
2025-07-27 23:52:09 [ERROR] - Error durante la captura: Generic error
2025-07-27 23:52:12 [ERROR] - Error durante la captura: Generic error
2025-07-27 23:52:14 [ERROR] - Error durante la captura: Generic error
2025-07-27 23:52:17 [ERROR] - Error durante la captura: Generic error
2025-07-27 23:52:19 [ERROR] - Error durante la captura: Generic error
2025-07-27 23:52:22 [ERROR] - Error durante la captura: Generic error
2025-07-27 23:52:24 [ERROR] - Error durante la captura: Generic error
2025-07-27 23:52:26 [ERROR] - Error durante la captura: Generic error
2025-07-27 23:52:29 [ERROR] - Error durante la captura: Generic error
2025-07-27 23:52:31 [ERROR] - Error durante la captura: Generic error
2025-07-27 23:52:34 [ERROR] - Error durante la captura: Generic error
2025-07-27 23:52:36 [ERROR] - Error durante la captura: Generic error
2025-07-27 23:52:39 [ERROR] - Error durante la captura: Generic error
2025-07-27 23:52:41 [ERROR] - Error durante la captura: Generic error
2025-07-27 23:52:44 [ERROR] - Error durante la captura: Generic error
2025-07-27 23:52:46 [ERROR] - Error durante la captura: Generic error
2025-07-27 23:52:49 [ERROR] - Error durante la captura: Generic error
2025-07-27 23:52:51 [ERROR] - Error durante la captura: Generic error
2025-07-27 23:52:53 [ERROR] - Error durante la captura: Generic error
2025-07-27 23:52:56 [ERROR] - Error durante la captura: Generic error
2025-07-27 23:52:58 [ERROR] - Error durante la captura: Generic error
2025-07-27 23:53:01 [ERROR] - Error durante la captura: Generic error
2025-07-27 23:53:02 [ERROR] - Error durante la captura: Generic error
2025-07-27 23:53:05 [ERROR] - Error durante la captura: Generic error
2025-07-27 23:53:07 [ERROR] - Error durante la captura: Generic error
2025-07-27 23:53:09 [ERROR] - Error durante la captura: Generic error
2025-07-27 23:53:12 [ERROR] - Error durante la captura: Generic error
2025-07-27 23:53:14 [ERROR] - Error durante la captura: Generic error
2025-07-27 23:53:17 [ERROR] - Error durante la captura: Generic error
2025-07-27 23:53:19 [ERROR] - Error durante la captura: Generic error
2025-07-27 23:53:22 [ERROR] - Error durante la captura: Generic error
2025-07-27 23:53:24 [ERROR] - Error durante la captura: Generic error
2025-07-27 23:53:27 [ERROR] - Error durante la captura: Generic error
2025-07-27 23:53:29 [ERROR] - Error durante la captura: Generic error
2025-07-27 23:53:31 [ERROR] - Error durante la captura: Generic error
2025-07-27 23:53:34 [ERROR] - Error durante la captura: Generic error
2025-07-27 23:53:36 [ERROR] - Error durante la captura: Generic error
2025-07-27 23:53:39 [ERROR] - Error durante la captura: Generic error
2025-07-27 23:53:41 [ERROR] - Error durante la captura: Generic error
2025-07-27 23:53:44 [ERROR] - Error durante la captura: Generic error
2025-07-27 23:53:46 [ERROR] - Error durante la captura: Generic error
2025-07-27 23:53:48 [ERROR] - Error durante la captura: Generic error
2025-07-27 23:53:51 [ERROR] - Error durante la captura: Generic error
2025-07-27 23:53:53 [ERROR] - Error durante la captura: Generic error
2025-07-27 23:53:56 [ERROR] - Error durante la captura: Generic error
2025-07-27 23:53:58 [ERROR] - Error durante la captura: Generic error
2025-07-27 23:54:01 [ERROR] - Error durante la captura: Generic error
2025-07-27 23:54:03 [ERROR] - Error durante la captura: Generic error
2025-07-27 23:54:05 [ERROR] - Error durante la captura: Generic error
2025-07-27 23:54:08 [ERROR] - Error durante la captura: Generic error
2025-07-27 23:54:10 [ERROR] - Error durante la captura: Generic error
2025-07-27 23:54:13 [ERROR] - Error durante la captura: Generic error
2025-07-27 23:54:15 [ERROR] - Error durante la captura: Generic error
2025-07-27 23:54:18 [ERROR] - Error durante la captura: Generic error
2025-07-27 23:54:20 [ERROR] - Error durante la captura: Generic error
2025-07-27 23:54:23 [ERROR] - Error durante la captura: Generic error
2025-07-27 23:54:25 [ERROR] - Error durante la captura: Generic error
2025-07-27 23:54:28 [ERROR] - Error durante la captura: Generic error
2025-07-27 23:54:30 [ERROR] - Error durante la captura: Generic error
2025-07-27 23:54:32 [ERROR] - Error durante la captura: Generic error
2025-07-27 23:54:35 [ERROR] - Error durante la captura: Generic error
2025-07-27 23:54:37 [ERROR] - Error durante la captura: Generic error
2025-07-27 23:54:40 [ERROR] - Error durante la captura: Generic error
2025-07-27 23:54:42 [ERROR] - Error durante la captura: Generic error
2025-07-27 23:54:45 [ERROR] - Error durante la captura: Generic error
2025-07-27 23:54:47 [ERROR] - Error durante la captura: Generic error
2025-07-27 23:54:50 [ERROR] - Error durante la captura: Generic error
2025-07-27 23:54:52 [ERROR] - Error durante la captura: Generic error
2025-07-27 23:54:55 [ERROR] - Error durante la captura: Generic error
2025-07-27 23:54:57 [ERROR] - Error durante la captura: Generic error
2025-07-27 23:54:59 [ERROR] - Error durante la captura: Generic error
2025-07-27 23:55:02 [ERROR] - Error durante la captura: Generic error
2025-07-27 23:55:05 [ERROR] - Error durante la captura: Generic error
2025-07-27 23:55:07 [ERROR] - Error durante la captura: Generic error
2025-07-27 23:55:09 [ERROR] - Error durante la captura: Generic error
2025-07-27 23:55:12 [ERROR] - Error durante la captura: Generic error
2025-07-27 23:55:14 [ERROR] - Error durante la captura: Generic error
2025-07-27 23:55:17 [ERROR] - Error durante la captura: Generic error
2025-07-27 23:55:19 [ERROR] - Error durante la captura: Generic error
2025-07-27 23:55:22 [ERROR] - Error durante la captura: Generic error
2025-07-27 23:55:24 [ERROR] - Error durante la captura: Generic error
2025-07-27 23:55:27 [ERROR] - Error durante la captura: Generic error
2025-07-27 23:55:29 [ERROR] - Error durante la captura: Generic error
2025-07-27 23:55:32 [ERROR] - Error durante la captura: Generic error
2025-07-27 23:55:34 [ERROR] - Error durante la captura: Generic error
2025-07-27 23:55:36 [ERROR] - Error durante la captura: Generic error
2025-07-27 23:55:39 [ERROR] - Error durante la captura: Generic error
2025-07-27 23:55:41 [ERROR] - Error durante la captura: Generic error
2025-07-27 23:55:44 [ERROR] - Error durante la captura: Generic error
2025-07-27 23:55:46 [ERROR] - Error durante la captura: Generic error
2025-07-27 23:55:49 [ERROR] - Error durante la captura: Generic error
2025-07-27 23:55:51 [ERROR] - Error durante la captura: Generic error
2025-07-27 23:55:53 [ERROR] - Error durante la captura: Generic error
2025-07-27 23:55:56 [ERROR] - Error durante la captura: Generic error
2025-07-27 23:55:58 [ERROR] - Error durante la captura: Generic error
2025-07-27 23:56:01 [ERROR] - Error durante la captura: Generic error
2025-07-27 23:56:03 [ERROR] - Error durante la captura: Generic error
2025-07-27 23:56:06 [ERROR] - Error durante la captura: Generic error
2025-07-27 23:56:08 [ERROR] - Error durante la captura: Generic error
2025-07-27 23:56:10 [ERROR] - Error durante la captura: Generic error
2025-07-27 23:56:13 [ERROR] - Error durante la captura: Generic error
2025-07-27 23:56:15 [ERROR] - Error durante la captura: Generic error
2025-07-27 23:56:18 [ERROR] - Error durante la captura: Generic error
2025-07-27 23:56:20 [ERROR] - Error durante la captura: Generic error
2025-07-27 23:56:22 [ERROR] - Error durante la captura: Generic error
2025-07-27 23:56:25 [ERROR] - Error durante la captura: Generic error
2025-07-27 23:56:27 [ERROR] - Error durante la captura: Generic error
2025-07-27 23:56:30 [ERROR] - Error durante la captura: Generic error
2025-07-27 23:56:32 [ERROR] - Error durante la captura: Generic error
2025-07-27 23:56:35 [ERROR] - Error durante la captura: Generic error
2025-07-27 23:56:37 [ERROR] - Error durante la captura: Generic error
2025-07-27 23:56:39 [ERROR] - Error durante la captura: Generic error
2025-07-27 23:56:42 [ERROR] - Error durante la captura: Generic error
2025-07-27 23:56:44 [ERROR] - Error durante la captura: Generic error
2025-07-27 23:56:47 [ERROR] - Error durante la captura: Generic error
2025-07-27 23:56:49 [ERROR] - Error durante la captura: Generic error
2025-07-27 23:56:52 [ERROR] - Error durante la captura: Generic error
2025-07-27 23:56:54 [ERROR] - Error durante la captura: Generic error
2025-07-27 23:56:56 [ERROR] - Error durante la captura: Generic error
2025-07-27 23:56:59 [ERROR] - Error durante la captura: Generic error
2025-07-27 23:57:01 [ERROR] - Error durante la captura: Generic error
2025-07-27 23:57:04 [ERROR] - Error durante la captura: Generic error
2025-07-27 23:57:06 [ERROR] - Error durante la captura: Generic error
2025-07-27 23:57:09 [ERROR] - Error durante la captura: Generic error
2025-07-27 23:57:11 [ERROR] - Error durante la captura: Generic error
2025-07-27 23:57:13 [ERROR] - Error durante la captura: Generic error
2025-07-27 23:57:16 [ERROR] - Error durante la captura: Generic error
2025-07-27 23:57:18 [ERROR] - Error durante la captura: Generic error
2025-07-27 23:57:21 [ERROR] - Error durante la captura: Generic error
2025-07-27 23:57:23 [ERROR] - Error durante la captura: Generic error
2025-07-27 23:57:26 [ERROR] - Error durante la captura: Generic error
2025-07-27 23:57:28 [ERROR] - Error durante la captura: Generic error
2025-07-27 23:57:30 [ERROR] - Error durante la captura: Generic error
2025-07-27 23:57:33 [ERROR] - Error durante la captura: Generic error
2025-07-27 23:57:35 [ERROR] - Error durante la captura: Generic error
2025-07-27 23:57:38 [ERROR] - Error durante la captura: Generic error
2025-07-27 23:57:40 [ERROR] - Error durante la captura: Generic error
2025-07-27 23:57:42 [ERROR] - Error durante la captura: Generic error
2025-07-27 23:57:45 [ERROR] - Error durante la captura: Generic error
2025-07-27 23:57:48 [ERROR] - Error durante la captura: Generic error
2025-07-27 23:57:50 [ERROR] - Error durante la captura: Generic error
2025-07-27 23:57:52 [ERROR] - Error durante la captura: Generic error
2025-07-27 23:57:55 [ERROR] - Error durante la captura: Generic error
2025-07-27 23:57:57 [ERROR] - Error durante la captura: Generic error
2025-07-27 23:58:00 [ERROR] - Error durante la captura: Generic error
2025-07-27 23:58:02 [ERROR] - Error durante la captura: Generic error
2025-07-27 23:58:05 [ERROR] - Error durante la captura: Generic error
2025-07-27 23:58:07 [ERROR] - Error durante la captura: Generic error
2025-07-27 23:58:09 [ERROR] - Error durante la captura: Generic error
2025-07-27 23:58:12 [ERROR] - Error durante la captura: Generic error
2025-07-27 23:58:14 [ERROR] - Error durante la captura: Generic error
2025-07-27 23:58:17 [ERROR] - Error durante la captura: Generic error
2025-07-27 23:58:19 [ERROR] - Error durante la captura: Generic error
2025-07-27 23:58:22 [ERROR] - Error durante la captura: Generic error
2025-07-27 23:58:24 [ERROR] - Error durante la captura: Generic error
2025-07-27 23:58:26 [ERROR] - Error durante la captura: Generic error
2025-07-27 23:58:29 [ERROR] - Error durante la captura: Generic error
2025-07-27 23:58:31 [ERROR] - Error durante la captura: Generic error
2025-07-27 23:58:34 [ERROR] - Error durante la captura: Generic error
2025-07-27 23:58:36 [ERROR] - Error durante la captura: Generic error
2025-07-27 23:58:39 [ERROR] - Error durante la captura: Generic error
2025-07-27 23:58:41 [ERROR] - Error durante la captura: Generic error
2025-07-27 23:58:43 [ERROR] - Error durante la captura: Generic error
2025-07-27 23:58:46 [ERROR] - Error durante la captura: Generic error
2025-07-27 23:58:48 [ERROR] - Error durante la captura: 
Handles  NPM(K)    PM(K)      WS(K)     CPU(s)     Id  SI ProcessName                                                                                                                          
-------  ------    -----      -----     ------     --  -- -----------                                                                                                                          
     18       4     1532       2316       0,00   8208   1 cmd                                                                                                                                  

2025-07-27 23:58:50 [ERROR] - Error durante la captura: Generic error
2025-07-27 23:58:52 [ERROR] - Error durante la captura: 
Handles  NPM(K)    PM(K)      WS(K)     CPU(s)     Id  SI ProcessName                                                                                                                          
-------  ------    -----      -----     ------     --  -- -----------                                                                                                                          
     18       4     1540       2316       0,00  16220   1 cmd                                                                                                                                  

2025-07-27 23:58:54 [ERROR] - Error durante la captura: 
Handles  NPM(K)    PM(K)      WS(K)     CPU(s)     Id  SI ProcessName                                                                                                                          
-------  ------    -----      -----     ------     --  -- -----------                                                                                                                          
     18       4     1540       2316       0,00   8524   1 cmd                                                                                                                                  

2025-07-27 23:58:56 [ERROR] - Error durante la captura: Generic error
2025-07-27 23:58:59 [ERROR] - Error durante la captura: Generic error
